<?xml version="1.0" encoding="UTF-8" ?>
<testsuite tests="24" failures="4" name="com.zalando.runner.RunTest" time="1.584" errors="0" skipped="6">
  <properties>
[...]
</properties>
  <testcase classname="| DK151H09R-Q11 | 2 |" name="Given login with valid credentials" time="0.006"/>
  <testcase classname="| DK151H09R-Q11 | 2 |" name="Then HomePage should be visible" time="0.001"/>
  <testcase classname="| DK151H09R-Q11 | 2 |" name="Given Go to the Search box and search for DK151H09R-Q11" time="0"/>
  <testcase classname="| DK151H09R-Q11 | 2 |" name="When Add item to the cart" time="0"/>
  <testcase classname="| DK151H09R-Q11 | 2 |" name="And Go to the cart and change the 2 of item" time="0"/>
  <testcase classname="| DK151H09R-Q11 | 2 |" name="And Move the items from the basket to the wishlist" time="0"/>
  <testcase classname="| DK151H09R-Q11 | 2 |" name="Then Verify item is moved to the wishlist" time="0"/>
  <testcase classname="| DK151H09R-Q11 | 2 |" name="| DK151H09R-Q11 | 2 |" time="1.507"/>
  <testcase classname="| DK151H09R-Q11 | 12 |" name="Given login with valid credentials" time="0"/>
  <testcase classname="| DK151H09R-Q11 | 12 |" name="Then HomePage should be visible" time="0"/>
  <testcase classname="| DK151H09R-Q11 | 12 |" name="Given Go to the Search box and search for DK151H09R-Q11" time="0"/>
  <testcase classname="| DK151H09R-Q11 | 12 |" name="When Add item to the cart" time="0"/>
  <testcase classname="| DK151H09R-Q11 | 12 |" name="And Go to the cart and change the 12 of item" time="0.012">
    <failure type="java.lang.AssertionError">java.lang.AssertionError
	at org.junit.Assert.fail(Assert.java:86)
	at org.junit.Assert.fail(Assert.java:95)
	at com.zalando.stepDefinitions.ui.home.ZalandoStepDef.go_to_the_cart_and_change_the_of_item(ZalandoStepDef.java:37)
	at ✽.And Go to the cart and change the 12 of item(Home/Zalando.feature:12)
</failure>
    <system-out>2017-10-22 00:45:14 [com.zalando.ui.home.page.ZalandoPage] ERROR:: Quantity can not be changedorg.openqa.selenium.NoSuchElementException: Cannot locate element with text: 12
For documentation on this error, please visit: http://seleniumhq.org/exceptions/no_such_element.html
Build info: version: &apos;2.53.0&apos;, revision: &apos;35ae25b1534ae328c771e0856c93e187490ca824&apos;, time: &apos;2016-03-15 10:43:46&apos;
System info: host: &apos;DESKTOP-UNF6CTV&apos;, ip: &apos;192.168.1.105&apos;, os.name: &apos;Windows 10&apos;, os.arch: &apos;amd64&apos;, os.version: &apos;10.0&apos;, java.version: &apos;1.8.0_65&apos;
Driver info: driver.version: unknown
</system-out>
  </testcase>
  <testcase classname="| DK151H09R-Q11 | 12 |" name="| DK151H09R-Q11 | 12 |" time="0.017">
    <failure type="java.lang.AssertionError">java.lang.AssertionError
	at org.junit.Assert.fail(Assert.java:86)
	at org.junit.Assert.fail(Assert.java:95)
	at com.zalando.stepDefinitions.ui.home.ZalandoStepDef.go_to_the_cart_and_change_the_of_item(ZalandoStepDef.java:37)
	at ✽.And Go to the cart and change the 12 of item(Home/Zalando.feature:12)
</failure>
  </testcase>
  <testcase classname="| DK151H09R-Q11 | 12 |" name="And Move the items from the basket to the wishlist" time="0.018">
    <skipped/>
  </testcase>
  <testcase classname="| DK151H09R-Q11 | 12 |" name="Then Verify item is moved to the wishlist" time="0.018">
    <skipped/>
  </testcase>
  <testcase classname="| DK151H09R-Q12 | 2 |" name="Given login with valid credentials" time="0"/>
  <testcase classname="| DK151H09R-Q12 | 2 |" name="Then HomePage should be visible" time="0"/>
  <testcase classname="| DK151H09R-Q12 | 2 |" name="Given Go to the Search box and search for DK151H09R-Q12" time="0">
    <failure type="java.lang.AssertionError">java.lang.AssertionError
	at org.junit.Assert.fail(Assert.java:86)
	at org.junit.Assert.fail(Assert.java:95)
	at com.zalando.ui.home.page.ZalandoPage.searchItem(ZalandoPage.java:31)
	at com.zalando.stepDefinitions.ui.home.ZalandoStepDef.go_to_the_Search_box_and_search_for_First(ZalandoStepDef.java:21)
	at ✽.Given Go to the Search box and search for DK151H09R-Q12(Home/Zalando.feature:10)
</failure>
    <system-out>
  Background:                          &amp;#27;[90m# Home/Zalando.feature:4&amp;#27;[0m
    &amp;#27;[32mGiven &amp;#27;[0m&amp;#27;[32mlogin with valid credentials&amp;#27;[0m &amp;#27;[90m# LoginFeatureStepDef.login_with_valid_credentials()&amp;#27;[0m
    &amp;#27;[32mThen &amp;#27;[0m&amp;#27;[32mHomePage should be visible&amp;#27;[0m    &amp;#27;[90m# LoginFeatureStepDef.validateHomePage()&amp;#27;[0m
2017-10-22 00:46:03 [com.zalando.ui.home.page.ZalandoPage] INFO :: Product Not Found
</system-out>
  </testcase>
  <testcase classname="| DK151H09R-Q12 | 2 |" name="| DK151H09R-Q12 | 2 |" time="0">
    <failure type="java.lang.AssertionError">java.lang.AssertionError
	at org.junit.Assert.fail(Assert.java:86)
	at org.junit.Assert.fail(Assert.java:95)
	at com.zalando.ui.home.page.ZalandoPage.searchItem(ZalandoPage.java:31)
	at com.zalando.stepDefinitions.ui.home.ZalandoStepDef.go_to_the_Search_box_and_search_for_First(ZalandoStepDef.java:21)
	at ✽.Given Go to the Search box and search for DK151H09R-Q12(Home/Zalando.feature:10)
</failure>
  </testcase>
  <testcase classname="| DK151H09R-Q12 | 2 |" name="When Add item to the cart" time="0.001">
    <skipped/>
  </testcase>
  <testcase classname="| DK151H09R-Q12 | 2 |" name="And Go to the cart and change the 2 of item" time="0.001">
    <skipped/>
  </testcase>
  <testcase classname="| DK151H09R-Q12 | 2 |" name="And Move the items from the basket to the wishlist" time="0.001">
    <skipped/>
  </testcase>
  <testcase classname="| DK151H09R-Q12 | 2 |" name="Then Verify item is moved to the wishlist" time="0.002">
    <skipped/>
  </testcase>
</testsuite>